
**** Build of configuration Debug for project Test ****

Nothing to build for project Test

**** Build of configuration Debug for project Path ****

Nothing to build for project Path

**** Build of configuration Debug for project Test ****

Nothing to build for project Test
10:14:30 **** Build of configuration Debug for project test3 ****
make all 
Building file: ../src/test3.c
Invoking: GCC C Compiler
gcc -O0 -g3 -Wall -c -fmessage-length=0 -MMD -MP -MF"src/test3.d" -MT"src/test3.o" -o "src/test3.o" "../src/test3.c"
Finished building: ../src/test3.c
 
Building target: test3
Invoking: MacOS X C Linker
gcc  -o "test3"  ./src/test3.o   
Finished building target: test3
 
10:14:36 **** Incremental Build of configuration Debug for project test3 ****
make all 
make: Nothing to be done for `all'.

**** Build of configuration Debug for project Path ****

Nothing to build for project Path

**** Build of configuration Debug for project Path ****

Nothing to build for project Path
10:16:45 **** Incremental Build of configuration Debug for project Path ****
make all 
Building file: ../path.c
Invoking: Cross GCC Compiler
gcc -O0 -g3 -Wall -c -fmessage-length=0 -MMD -MP -MF"path.d" -MT"path.o" -o "path.o" "../path.c"
Finished building: ../path.c
 
Building target: Path
Invoking: Cross GCC Linker
gcc  -o "Path"  ./path.o   
Undefined symbols for architecture x86_64:
  "_main", referenced from:
     implicit entry/start for main executable
ld: symbol(s) not found for architecture x86_64
clang: error: linker command failed with exit code 1 (use -v to see invocation)
make: *** [Path] Error 1
10:19:06 **** Incremental Build of configuration Debug for project Path ****
make all 
Building target: Path
Invoking: Cross GCC Linker
gcc  -o "Path"  ./path.o   
Undefined symbols for architecture x86_64:
  "_main", referenced from:
     implicit entry/start for main executable
ld: symbol(s) not found for architecture x86_64
clang: error: linker command failed with exit code 1 (use -v to see invocation)
make: *** [Path] Error 1
19:35:35 **** Clean-only build of configuration Debug for project path ****
make clean 
rm -rf  ./path.o  ./path.d  Path
 
19:35:36 **** Build of configuration Debug for project path ****
make all 
Building file: ../src/path.c
Invoking: GCC C Compiler
gcc -O0 -g3 -Wall -c -fmessage-length=0 -MMD -MP -MF"src/path.d" -MT"src/path.o" -o "src/path.o" "../src/path.c"
Finished building: ../src/path.c
 
Building file: ../path.c
Invoking: Cross GCC Compiler
gcc -O0 -g3 -Wall -c -fmessage-length=0 -MMD -MP -MF"path.d" -MT"path.o" -o "path.o" "../path.c"
../path.c:10:1: warning: type specifier missing, defaults to 'int' [-Wimplicit-int]
main()
^
../path.c:12:21: warning: suggest braces around initialization of subobject [-Wmissing-braces]
  char array[M][N]={0};
                    ^
                    {}
2 warnings generated.
Finished building: ../path.c
 
Building target: path
Invoking: MacOS X C Linker
gcc  -o "path"  ./src/path.o  ./path.o   
duplicate symbol _main in:
    ./src/path.o
    ./path.o
ld: 1 duplicate symbol for architecture x86_64
clang: error: linker command failed with exit code 1 (use -v to see invocation)
make: *** [path] Error 1
